<?xml version="1.0" encoding="utf-8"?><testsuites name="pytest tests"><testsuite name="pytest" errors="0" failures="0" skipped="0" tests="17" time="4.507" timestamp="2026-02-15T17:52:43.348957+00:00" hostname="agent-env-d74b5638-7980-43c1-a861-1255fd91c3cd"><testcase classname="backend.tests.test_admin_dashboard.TestAdminAuthentication" name="test_admin_login_returns_admin_role" time="0.162" /><testcase classname="backend.tests.test_admin_dashboard.TestAdminAuthentication" name="test_admin_session_returns_role" time="0.298" /><testcase classname="backend.tests.test_admin_dashboard.TestAdminEndpointSecurity" name="test_analytics_requires_auth" time="0.184" /><testcase classname="backend.tests.test_admin_dashboard.TestAdminEndpointSecurity" name="test_users_requires_auth" time="0.227" /><testcase classname="backend.tests.test_admin_dashboard.TestAdminEndpointSecurity" name="test_spending_requires_auth" time="0.236" /><testcase classname="backend.tests.test_admin_dashboard.TestAdminEndpointSecurity" name="test_lessons_stats_requires_auth" time="0.129" /><testcase classname="backend.tests.test_admin_dashboard.TestAdminEndpointSecurity" name="test_analytics_rejects_non_admin" time="0.253" /><testcase classname="backend.tests.test_admin_dashboard.TestAdminEndpointSecurity" name="test_users_rejects_non_admin" time="0.160" /><testcase classname="backend.tests.test_admin_dashboard.TestAnalyticsEndpoint" name="test_analytics_default_period" time="0.138" /><testcase classname="backend.tests.test_admin_dashboard.TestAnalyticsEndpoint" name="test_analytics_different_periods" time="0.504" /><testcase classname="backend.tests.test_admin_dashboard.TestUsersEndpoint" name="test_users_pagination" time="0.159" /><testcase classname="backend.tests.test_admin_dashboard.TestUsersEndpoint" name="test_users_search" time="0.142" /><testcase classname="backend.tests.test_admin_dashboard.TestUsersEndpoint" name="test_users_include_lesson_count" time="0.170" /><testcase classname="backend.tests.test_admin_dashboard.TestSpendingEndpoint" name="test_spending_returns_structure" time="0.861" /><testcase classname="backend.tests.test_admin_dashboard.TestSpendingEndpoint" name="test_spending_different_periods" time="0.386" /><testcase classname="backend.tests.test_admin_dashboard.TestLessonsStatsEndpoint" name="test_lessons_stats_structure" time="0.154" /><testcase classname="backend.tests.test_admin_dashboard.TestLessonsStatsEndpoint" name="test_lessons_stats_different_periods" time="0.238" /></testsuite></testsuites>