<?xml version="1.0" encoding="utf-8"?><testsuites name="pytest tests"><testsuite name="pytest" errors="0" failures="0" skipped="0" tests="8" time="1.047" timestamp="2026-02-15T04:54:54.271997+00:00" hostname="agent-env-5f23890c-1282-4c37-a001-3ea48cfece7c"><testcase classname="tests.test_calendar_integration.TestGoogleCalendarStatus" name="test_calendar_status_requires_auth" time="0.203" /><testcase classname="tests.test_calendar_integration.TestGoogleCalendarStatus" name="test_calendar_status_authenticated" time="0.220" /><testcase classname="tests.test_calendar_integration.TestICSGeneration" name="test_generate_ics_google" time="0.057" /><testcase classname="tests.test_calendar_integration.TestICSGeneration" name="test_generate_ics_outlook" time="0.045" /><testcase classname="tests.test_calendar_integration.TestICSGeneration" name="test_generate_ics_apple" time="0.124" /><testcase classname="tests.test_calendar_integration.TestLessonCardFeatures" name="test_get_lessons_list" time="0.063" /><testcase classname="tests.test_calendar_integration.TestLessonCardFeatures" name="test_toggle_favorite" time="0.143" /><testcase classname="tests.test_calendar_integration.TestLessonDetailPage" name="test_get_lesson_detail" time="0.133" /></testsuite></testsuites>