<?xml version="1.0" encoding="utf-8"?><testsuites name="pytest tests"><testsuite name="pytest" errors="0" failures="0" skipped="0" tests="30" time="55.724" timestamp="2026-02-14T20:38:11.619787+00:00" hostname="agent-env-f379df69-5db7-4cfe-84cb-1e46c7b31fb7"><testcase classname="tests.test_bible_lesson_api.TestHealth" name="test_api_root" time="0.131" /><testcase classname="tests.test_bible_lesson_api.TestHealth" name="test_health_endpoint" time="0.116" /><testcase classname="tests.test_bible_lesson_api.TestAuth" name="test_signup_new_user" time="0.108" /><testcase classname="tests.test_bible_lesson_api.TestAuth" name="test_signup_duplicate_user_fails" time="0.318" /><testcase classname="tests.test_bible_lesson_api.TestAuth" name="test_signin_existing_user" time="0.231" /><testcase classname="tests.test_bible_lesson_api.TestAuth" name="test_signin_invalid_credentials" time="0.123" /><testcase classname="tests.test_bible_lesson_api.TestAuth" name="test_session_with_valid_token" time="0.227" /><testcase classname="tests.test_bible_lesson_api.TestLessons" name="test_get_all_lessons" time="0.253" /><testcase classname="tests.test_bible_lesson_api.TestLessons" name="test_create_lesson_and_verify_persistence" time="0.474" /><testcase classname="tests.test_bible_lesson_api.TestLessons" name="test_update_lesson_and_verify" time="0.546" /><testcase classname="tests.test_bible_lesson_api.TestLessons" name="test_delete_lesson_and_verify" time="0.451" /><testcase classname="tests.test_bible_lesson_api.TestLessons" name="test_toggle_favorite" time="0.561" /><testcase classname="tests.test_bible_lesson_api.TestCurriculum" name="test_create_curriculum_plan" time="0.498" /><testcase classname="tests.test_bible_lesson_api.TestCurriculum" name="test_update_curriculum_plan" time="0.535" /><testcase classname="tests.test_bible_lesson_api.TestCurriculum" name="test_get_user_curriculum_plans" time="0.249" /><testcase classname="tests.test_bible_lesson_api.TestProgress" name="test_create_progress" time="0.445" /><testcase classname="tests.test_bible_lesson_api.TestProgress" name="test_update_progress" time="0.712" /><testcase classname="tests.test_bible_lesson_api.TestProgress" name="test_get_progress_for_lesson" time="0.596" /><testcase classname="tests.test_bible_lesson_api.TestProgress" name="test_get_progress_summary" time="0.520" /><testcase classname="tests.test_bible_lesson_api.TestAIFeatures" name="test_generate_lesson" time="35.495" /><testcase classname="tests.test_bible_lesson_api.TestAIFeatures" name="test_generate_quiz_requires_auth" time="0.484" /><testcase classname="tests.test_bible_lesson_api.TestAIFeatures" name="test_generate_quiz" time="6.488" /><testcase classname="tests.test_bible_lesson_api.TestAIFeatures" name="test_extract_supplies_requires_auth" time="0.500" /><testcase classname="tests.test_bible_lesson_api.TestAIFeatures" name="test_extract_supplies" time="3.777" /><testcase classname="tests.test_bible_lesson_api.TestPreferences" name="test_get_bible_version" time="0.231" /><testcase classname="tests.test_bible_lesson_api.TestPreferences" name="test_set_bible_version" time="0.392" /><testcase classname="tests.test_bible_lesson_api.TestPreferences" name="test_complete_onboarding" time="0.407" /><testcase classname="tests.test_bible_lesson_api.TestTeam" name="test_get_team_members" time="0.250" /><testcase classname="tests.test_bible_lesson_api.TestTeam" name="test_invite_member" time="0.228" /><testcase classname="tests.test_bible_lesson_api.TestTeam" name="test_get_invitations" time="0.314" /></testsuite></testsuites>