<?xml version="1.0" encoding="utf-8"?><testsuites name="pytest tests"><testsuite name="pytest" errors="0" failures="0" skipped="0" tests="13" time="1.727" timestamp="2026-02-15T08:12:45.162767+00:00" hostname="agent-env-0a3600ba-36cf-4c11-88cc-4ae23dbecfd6"><testcase classname="tests.test_full_site.TestHealthEndpoints" name="test_health_endpoint" time="0.136" /><testcase classname="tests.test_full_site.TestHealthEndpoints" name="test_auth_session_unauthenticated" time="0.119" /><testcase classname="tests.test_full_site.TestPricingEndpoints" name="test_get_pricing_plans_monthly" time="0.111" /><testcase classname="tests.test_full_site.TestPricingEndpoints" name="test_get_pricing_plans_annual" time="0.100" /><testcase classname="tests.test_full_site.TestContactEndpoint" name="test_submit_contact_form" time="0.351" /><testcase classname="tests.test_full_site.TestAuthEndpoints" name="test_signup_invalid_email" time="0.126" /><testcase classname="tests.test_full_site.TestAuthEndpoints" name="test_login_invalid_credentials" time="0.098" /><testcase classname="tests.test_full_site.TestLessonsEndpoint" name="test_get_lessons_unauthenticated" time="0.102" /><testcase classname="tests.test_full_site.TestCurriculumEndpoint" name="test_get_curriculum_unauthenticated" time="0.099" /><testcase classname="tests.test_full_site.TestProgressEndpoint" name="test_get_progress_unauthenticated" time="0.105" /><testcase classname="tests.test_full_site.TestProgressEndpoint" name="test_get_progress_summary_unauthenticated" time="0.110" /><testcase classname="tests.test_full_site.TestTeamEndpoints" name="test_get_team_members_unauthenticated" time="0.114" /><testcase classname="tests.test_full_site.TestExportEndpoints" name="test_pdf_export_requires_valid_lesson" time="0.108" /></testsuite></testsuites>