<?xml version="1.0" encoding="utf-8"?><testsuites name="pytest tests"><testsuite name="pytest" errors="0" failures="0" skipped="0" tests="4" time="116.243" timestamp="2026-02-16T22:32:50.392054+00:00" hostname="agent-env-0165f77d-85f4-4d30-ae9c-c4fdfe811b2c"><testcase classname="backend.tests.test_i18n_ai_generation.TestAILessonGeneration" name="test_generate_lesson_default_english" time="38.130" /><testcase classname="backend.tests.test_i18n_ai_generation.TestAILessonGeneration" name="test_generate_lesson_with_spanish_language" time="50.603" /><testcase classname="backend.tests.test_i18n_ai_generation.TestAILessonGeneration" name="test_generate_lesson_explicit_english" time="27.216" /><testcase classname="backend.tests.test_i18n_ai_generation.TestHealthCheck" name="test_api_reachable" time="0.243" /></testsuite></testsuites>