<?xml version="1.0" encoding="utf-8"?><testsuites name="pytest tests"><testsuite name="pytest" errors="0" failures="0" skipped="0" tests="22" time="3.935" timestamp="2026-02-15T14:51:28.525618+00:00" hostname="agent-env-9f1ee867-d4b3-4efd-b73e-c81b0fa5f5d3"><testcase classname="tests.test_new_features.TestBackendRefactoring" name="test_health_check_returns_v2" time="0.346" /><testcase classname="tests.test_new_features.TestBackendRefactoring" name="test_api_docs_endpoint" time="0.115" /><testcase classname="tests.test_new_features.TestLessonSearch" name="test_search_with_valid_query" time="0.142" /><testcase classname="tests.test_new_features.TestLessonSearch" name="test_search_with_short_query" time="0.132" /><testcase classname="tests.test_new_features.TestLessonSearch" name="test_search_by_passage" time="0.114" /><testcase classname="tests.test_new_features.TestLessonSearch" name="test_search_result_structure" time="0.135" /><testcase classname="tests.test_new_features.TestPrintView" name="test_print_endpoint_returns_lesson_data" time="0.120" /><testcase classname="tests.test_new_features.TestPrintView" name="test_print_endpoint_returns_memory_verse" time="0.126" /><testcase classname="tests.test_new_features.TestPrintView" name="test_print_endpoint_returns_sections" time="0.133" /><testcase classname="tests.test_new_features.TestPrintView" name="test_print_endpoint_returns_materials" time="0.120" /><testcase classname="tests.test_new_features.TestPrintView" name="test_print_endpoint_404_for_invalid_id" time="0.137" /><testcase classname="tests.test_new_features.TestUserProfile" name="test_profile_requires_auth" time="0.114" /><testcase classname="tests.test_new_features.TestUserProfile" name="test_get_user_profile" time="0.394" /><testcase classname="tests.test_new_features.TestUserProfile" name="test_profile_includes_stats" time="0.237" /><testcase classname="tests.test_new_features.TestUserProfile" name="test_profile_includes_preferences" time="0.331" /><testcase classname="tests.test_new_features.TestUserActivity" name="test_activity_requires_auth" time="0.124" /><testcase classname="tests.test_new_features.TestUserActivity" name="test_get_user_activity" time="0.253" /><testcase classname="tests.test_new_features.TestUserActivity" name="test_activity_item_structure" time="0.225" /><testcase classname="tests.test_new_features.TestExistingFeaturesStillWork" name="test_lessons_list_endpoint" time="0.126" /><testcase classname="tests.test_new_features.TestExistingFeaturesStillWork" name="test_single_lesson_endpoint" time="0.147" /><testcase classname="tests.test_new_features.TestExistingFeaturesStillWork" name="test_coupon_validation" time="0.116" /><testcase classname="tests.test_new_features.TestExistingFeaturesStillWork" name="test_auth_signin" time="0.148" /></testsuite></testsuites>