<?xml version="1.0" encoding="utf-8"?><testsuites name="pytest tests"><testsuite name="pytest" errors="0" failures="0" skipped="0" tests="15" time="3.254" timestamp="2026-02-14T21:28:56.105477+00:00" hostname="agent-env-63ce5b9e-b808-4ea0-b7c4-45633bdc413e"><testcase classname="tests.test_iteration5_features.TestPDFExport" name="test_export_lesson_pdf_success" time="0.455" /><testcase classname="tests.test_iteration5_features.TestPDFExport" name="test_export_pdf_without_auth" time="0.191" /><testcase classname="tests.test_iteration5_features.TestPDFExport" name="test_export_pdf_invalid_lesson" time="1.131" /><testcase classname="tests.test_iteration5_features.TestDOCXExport" name="test_export_lesson_docx_success" time="0.133" /><testcase classname="tests.test_iteration5_features.TestDOCXExport" name="test_export_invalid_format" time="0.115" /><testcase classname="tests.test_iteration5_features.TestPromoCodeValidation" name="test_validate_welcome20_code" time="0.115" /><testcase classname="tests.test_iteration5_features.TestPromoCodeValidation" name="test_validate_welcome20_different_plan" time="0.110" /><testcase classname="tests.test_iteration5_features.TestPromoCodeValidation" name="test_validate_invalid_code" time="0.115" /><testcase classname="tests.test_iteration5_features.TestPromoCodeValidation" name="test_validate_launch50_code" time="0.111" /><testcase classname="tests.test_iteration5_features.TestPromoCodeValidation" name="test_validate_ministry25_wrong_plan" time="0.113" /><testcase classname="tests.test_iteration5_features.TestPromoCodeValidation" name="test_validate_ministry25_church_plan" time="0.113" /><testcase classname="tests.test_iteration5_features.TestPromoCodeValidation" name="test_validate_annual15_annual_plan" time="0.148" /><testcase classname="tests.test_iteration5_features.TestCalendarICS" name="test_generate_ics_success" time="0.105" /><testcase classname="tests.test_iteration5_features.TestCalendarICS" name="test_generate_ics_without_auth" time="0.105" /><testcase classname="tests.test_iteration5_features.TestHealthCheck" name="test_api_health" time="0.114" /></testsuite></testsuites>