<?xml version="1.0" encoding="utf-8"?><testsuites name="pytest tests"><testsuite name="pytest" errors="0" failures="0" skipped="0" tests="24" time="3.106" timestamp="2026-02-14T21:06:59.502161+00:00" hostname="agent-env-f379df69-5db7-4cfe-84cb-1e46c7b31fb7"><testcase classname="backend.tests.test_new_features.TestAPIHealth" name="test_api_health" time="0.235" /><testcase classname="backend.tests.test_new_features.TestAuthentication" name="test_signin_success" time="0.146" /><testcase classname="backend.tests.test_new_features.TestProgressTracker" name="test_get_all_progress" time="0.269" /><testcase classname="backend.tests.test_new_features.TestProgressTracker" name="test_get_progress_summary" time="0.226" /><testcase classname="backend.tests.test_new_features.TestProgressTracker" name="test_update_progress" time="0.230" /><testcase classname="backend.tests.test_new_features.TestProgressTracker" name="test_get_lesson_progress" time="0.109" /><testcase classname="backend.tests.test_new_features.TestExportLesson" name="test_export_lesson_pdf" time="0.124" /><testcase classname="backend.tests.test_new_features.TestExportLesson" name="test_export_lesson_docx" time="0.125" /><testcase classname="backend.tests.test_new_features.TestExportLesson" name="test_export_nonexistent_lesson" time="0.119" /><testcase classname="backend.tests.test_new_features.TestExportLesson" name="test_export_unauthorized" time="0.130" /><testcase classname="backend.tests.test_new_features.TestSubscriptionLimit" name="test_check_subscription_limit" time="0.163" /><testcase classname="backend.tests.test_new_features.TestSubscriptionLimit" name="test_check_limit_unauthorized" time="0.122" /><testcase classname="backend.tests.test_new_features.TestPromoCode" name="test_validate_invalid_promo" time="0.106" /><testcase classname="backend.tests.test_new_features.TestPromoCode" name="test_validate_empty_promo" time="0.126" /><testcase classname="backend.tests.test_new_features.TestCalendarSync" name="test_get_calendar_auth_url_google" time="0.128" /><testcase classname="backend.tests.test_new_features.TestCalendarSync" name="test_get_calendar_auth_url_outlook" time="0.165" /><testcase classname="backend.tests.test_new_features.TestCalendarSync" name="test_get_calendar_auth_url_apple" time="0.142" /><testcase classname="backend.tests.test_new_features.TestCalendarSync" name="test_generate_ics_file" time="0.130" /><testcase classname="backend.tests.test_new_features.TestCalendarSync" name="test_generate_ics_unauthorized" time="0.110" /><testcase classname="backend.tests.test_new_features.TestCalendarSync" name="test_sync_lesson_to_calendar" time="0.117" /><testcase classname="backend.tests.test_new_features.TestBackendStructure" name="test_backend_has_routes_dir" time="0.000" /><testcase classname="backend.tests.test_new_features.TestBackendStructure" name="test_backend_has_models_dir" time="0.000" /><testcase classname="backend.tests.test_new_features.TestBackendStructure" name="test_backend_has_services_dir" time="0.000" /><testcase classname="backend.tests.test_new_features.TestBackendStructure" name="test_models_schemas_exists" time="0.000" /></testsuite></testsuites>