<?xml version="1.0" encoding="utf-8"?><testsuites name="pytest tests"><testsuite name="pytest" errors="0" failures="0" skipped="0" tests="12" time="6.607" timestamp="2026-02-14T18:41:20.347652+00:00" hostname="agent-env-f38701e2-5182-402a-ab5d-94e62d243761"><testcase classname="backend.tests.test_pricing_subscription.TestPricingPlans" name="test_get_pricing_plans" time="0.248" /><testcase classname="backend.tests.test_pricing_subscription.TestPricingPlans" name="test_individual_plans_count_and_pricing" time="0.132" /><testcase classname="backend.tests.test_pricing_subscription.TestPricingPlans" name="test_organization_plans_count_and_pricing" time="0.109" /><testcase classname="backend.tests.test_pricing_subscription.TestSubscription" name="test_subscription_without_auth" time="0.147" /><testcase classname="backend.tests.test_pricing_subscription.TestSubscription" name="test_subscription_with_auth" time="0.291" /><testcase classname="backend.tests.test_pricing_subscription.TestSubscription" name="test_subscription_usage" time="0.490" /><testcase classname="backend.tests.test_pricing_subscription.TestCheckout" name="test_create_checkout_session_starter" time="0.626" /><testcase classname="backend.tests.test_pricing_subscription.TestCheckout" name="test_create_checkout_session_unlimited" time="0.610" /><testcase classname="backend.tests.test_pricing_subscription.TestCheckout" name="test_create_checkout_session_organization_plans" time="2.204" /><testcase classname="backend.tests.test_pricing_subscription.TestCheckout" name="test_create_checkout_session_invalid_plan" time="0.141" /><testcase classname="backend.tests.test_pricing_subscription.TestCheckout" name="test_checkout_status_endpoint" time="0.922" /><testcase classname="backend.tests.test_pricing_subscription.TestCheckout" name="test_checkout_with_authenticated_user" time="0.616" /></testsuite></testsuites>