<?xml version="1.0" encoding="utf-8"?><testsuites name="pytest tests"><testsuite name="pytest" errors="0" failures="0" skipped="0" tests="30" time="63.799" timestamp="2026-02-14T18:19:24.184701+00:00" hostname="agent-env-f38701e2-5182-402a-ab5d-94e62d243761"><testcase classname="tests.test_bible_lesson_api.TestHealth" name="test_api_root" time="0.456" /><testcase classname="tests.test_bible_lesson_api.TestHealth" name="test_health_endpoint" time="0.101" /><testcase classname="tests.test_bible_lesson_api.TestAuth" name="test_signup_new_user" time="0.155" /><testcase classname="tests.test_bible_lesson_api.TestAuth" name="test_signup_duplicate_user_fails" time="0.286" /><testcase classname="tests.test_bible_lesson_api.TestAuth" name="test_signin_existing_user" time="0.217" /><testcase classname="tests.test_bible_lesson_api.TestAuth" name="test_signin_invalid_credentials" time="0.140" /><testcase classname="tests.test_bible_lesson_api.TestAuth" name="test_session_with_valid_token" time="0.242" /><testcase classname="tests.test_bible_lesson_api.TestLessons" name="test_get_all_lessons" time="0.280" /><testcase classname="tests.test_bible_lesson_api.TestLessons" name="test_create_lesson_and_verify_persistence" time="0.871" /><testcase classname="tests.test_bible_lesson_api.TestLessons" name="test_update_lesson_and_verify" time="0.611" /><testcase classname="tests.test_bible_lesson_api.TestLessons" name="test_delete_lesson_and_verify" time="0.464" /><testcase classname="tests.test_bible_lesson_api.TestLessons" name="test_toggle_favorite" time="0.678" /><testcase classname="tests.test_bible_lesson_api.TestCurriculum" name="test_create_curriculum_plan" time="0.518" /><testcase classname="tests.test_bible_lesson_api.TestCurriculum" name="test_update_curriculum_plan" time="0.515" /><testcase classname="tests.test_bible_lesson_api.TestCurriculum" name="test_get_user_curriculum_plans" time="0.286" /><testcase classname="tests.test_bible_lesson_api.TestProgress" name="test_create_progress" time="0.674" /><testcase classname="tests.test_bible_lesson_api.TestProgress" name="test_update_progress" time="0.705" /><testcase classname="tests.test_bible_lesson_api.TestProgress" name="test_get_progress_for_lesson" time="0.722" /><testcase classname="tests.test_bible_lesson_api.TestProgress" name="test_get_progress_summary" time="0.460" /><testcase classname="tests.test_bible_lesson_api.TestAIFeatures" name="test_generate_lesson" time="42.152" /><testcase classname="tests.test_bible_lesson_api.TestAIFeatures" name="test_generate_quiz_requires_auth" time="0.481" /><testcase classname="tests.test_bible_lesson_api.TestAIFeatures" name="test_generate_quiz" time="6.530" /><testcase classname="tests.test_bible_lesson_api.TestAIFeatures" name="test_extract_supplies_requires_auth" time="0.457" /><testcase classname="tests.test_bible_lesson_api.TestAIFeatures" name="test_extract_supplies" time="3.541" /><testcase classname="tests.test_bible_lesson_api.TestPreferences" name="test_get_bible_version" time="0.615" /><testcase classname="tests.test_bible_lesson_api.TestPreferences" name="test_set_bible_version" time="0.379" /><testcase classname="tests.test_bible_lesson_api.TestPreferences" name="test_complete_onboarding" time="0.483" /><testcase classname="tests.test_bible_lesson_api.TestTeam" name="test_get_team_members" time="0.230" /><testcase classname="tests.test_bible_lesson_api.TestTeam" name="test_invite_member" time="0.221" /><testcase classname="tests.test_bible_lesson_api.TestTeam" name="test_get_invitations" time="0.267" /></testsuite></testsuites>