<?xml version="1.0" encoding="utf-8"?><testsuites name="pytest tests"><testsuite name="pytest" errors="0" failures="0" skipped="0" tests="12" time="2.487" timestamp="2026-02-16T01:28:20.113507+00:00" hostname="agent-env-21995b72-6ac6-4099-b263-04a538a10b67"><testcase classname="backend.tests.test_series_websocket.TestSeriesAPI" name="test_get_all_series" time="0.501" /><testcase classname="backend.tests.test_series_websocket.TestSeriesAPI" name="test_create_series" time="0.072" /><testcase classname="backend.tests.test_series_websocket.TestSeriesAPI" name="test_get_series_by_id" time="0.146" /><testcase classname="backend.tests.test_series_websocket.TestSeriesAPI" name="test_update_series" time="0.199" /><testcase classname="backend.tests.test_series_websocket.TestSeriesAPI" name="test_series_stats" time="0.062" /><testcase classname="backend.tests.test_series_websocket.TestSeriesAPI" name="test_add_lesson_to_series" time="0.134" /><testcase classname="backend.tests.test_series_websocket.TestSeriesAPI" name="test_get_lessons_in_series" time="0.166" /><testcase classname="backend.tests.test_series_websocket.TestSeriesAPI" name="test_remove_lesson_from_series" time="0.192" /><testcase classname="backend.tests.test_series_websocket.TestSeriesAPI" name="test_delete_series" time="0.190" /><testcase classname="backend.tests.test_series_websocket.TestWebSocketCollaboration" name="test_collaboration_users_endpoint" time="0.090" /><testcase classname="backend.tests.test_series_websocket.TestUnauthorizedAccess" name="test_series_unauthorized" time="0.144" /><testcase classname="backend.tests.test_series_websocket.TestCleanup" name="test_cleanup_test_series" time="0.526" /></testsuite></testsuites>